mode: set
github.com/ZOLUXERO/go-test/cmd/web/main.go:23.13,25.16 2 0
github.com/ZOLUXERO/go-test/cmd/web/main.go:25.16,27.3 1 0
github.com/ZOLUXERO/go-test/cmd/web/main.go:29.2,37.16 4 0
github.com/ZOLUXERO/go-test/cmd/web/main.go:37.16,39.3 1 0
github.com/ZOLUXERO/go-test/cmd/web/main.go:42.18,60.16 10 1
github.com/ZOLUXERO/go-test/cmd/web/main.go:60.16,63.3 2 0
github.com/ZOLUXERO/go-test/cmd/web/main.go:65.2,72.12 6 1
github.com/ZOLUXERO/go-test/cmd/web/middleware.go:10.53,11.71 1 1
github.com/ZOLUXERO/go-test/cmd/web/middleware.go:11.71,14.3 2 0
github.com/ZOLUXERO/go-test/cmd/web/middleware.go:18.45,27.2 3 1
github.com/ZOLUXERO/go-test/cmd/web/middleware.go:30.50,32.2 1 1
github.com/ZOLUXERO/go-test/cmd/web/routes.go:12.49,40.2 19 1
